<?xml version="1.0" encoding="UTF-8"?>
<testsuite name="ResistorColorTest" tests="4" skipped="0" failures="0" errors="0" timestamp="2023-06-24T18:58:42" hostname="HIMANSHU" time="0.05">
  <properties/>
  <testcase name="testWhiteColorCode" classname="ResistorColorTest" time="0.037"/>
  <testcase name="testColors" classname="ResistorColorTest" time="0.011"/>
  <testcase name="testBlackColorCode" classname="ResistorColorTest" time="0.001"/>
  <testcase name="testOrangeColorCode" classname="ResistorColorTest" time="0.0"/>
  <system-out><![CDATA[]]></system-out>
  <system-err><![CDATA[]]></system-err>
</testsuite>
